<?xml version="1.0" encoding="UTF-8"?>
<!-- Generated by org.testng.reporters.JUnitReportReporter -->
<testsuite hostname="Pratap_Kulkarni" failures="0" tests="4" name="testClass.SwagLab_testclass" time="36.118" errors="0" timestamp="2024-10-14T12:50:59 IST" skipped="0">
  <testcase classname="testClass.SwagLab_testclass" name="addToCart_TC_02" time="9.614"/>
  <system-out/>
  <testcase classname="testClass.SwagLab_testclass" name="buyProductTC_01" time="8.354"/>
  <system-out/>
  <testcase classname="testClass.SwagLab_testclass" name="buyProductTC_01" time="14.651"/>
  <system-out/>
  <testcase classname="testClass.SwagLab_testclass" name="addToCart_TC_02" time="3.499"/>
  <system-out/>
</testsuite> <!-- testClass.SwagLab_testclass -->
